[29Jun2025 00:06:18.507] [Server thread/INFO] [net.minecraft.server.network.ServerGamePacketListenerImpl/]: Kingg9 lost connection: Disconnected
[29Jun2025 00:06:18.509] [Server thread/INFO] [net.minecraft.server.MinecraftServer/]: Kingg9 left the game
[29Jun2025 00:10:36.047] [Server thread/INFO] [net.minecraft.server.MinecraftServer/]: gmg18 has made the advancement [Not Today, Thank You]
[29Jun2025 00:10:47.044] [Server thread/INFO] [net.minecraft.server.MinecraftServer/]: gmg18 has made the advancement [Monster Hunter]
[29Jun2025 00:10:47.045] [Server thread/INFO] [net.minecraft.server.MinecraftServer/]: gmg18 has made the advancement [A Strange Grave Dust]
[29Jun2025 00:10:54.362] [Server thread/INFO] [net.minecraft.server.players.PlayerList/]: JAGlitsh[/100.89.160.39:53704] logged in with entity id 145436 at (-256.65176935109105, 68.5625, 1171.301272327501)
[29Jun2025 00:10:54.375] [Server thread/INFO] [net.minecraft.server.MinecraftServer/]: JAGlitsh joined the game
[29Jun2025 00:13:27.603] [Server thread/INFO] [net.minecraft.server.players.PlayerList/]: Kingg9[/100.100.204.77:54289] logged in with entity id 146412 at (160.30627375512935, -41.0, 1334.755220249875)
[29Jun2025 00:13:27.609] [Server thread/INFO] [net.minecraft.server.MinecraftServer/]: Kingg9 joined the game
[29Jun2025 00:13:35.307] [Server thread/INFO] [net.minecraft.server.MinecraftServer/]: gmg18 has reached the goal [Listen directly]
[29Jun2025 00:13:35.307] [Server thread/INFO] [net.minecraft.server.MinecraftServer/]: gmg18 has made the advancement [DJ! DJ!]
[29Jun2025 00:18:49.551] [Server thread/INFO] [net.minecraft.server.MinecraftServer/]: [JAGlitsh: Teleported Kingg9 to JAGlitsh]
[29Jun2025 00:20:55.291] [Server thread/WARN] [tombstone/]: The death event of the player JAGlitsh was canceled by another mod
[29Jun2025 00:20:55.295] [Server thread/INFO] [tombstone/]: The player JAGlitsh has successfully been saved
[29Jun2025 00:21:12.443] [Server thread/WARN] [tombstone/]: The death event of the player JAGlitsh was canceled by another mod
[29Jun2025 00:21:12.446] [Server thread/INFO] [tombstone/]: The player JAGlitsh has successfully been saved
[29Jun2025 00:24:09.940] [Server thread/INFO] [net.minecraft.server.MinecraftServer/]: gmg18 has made the advancement [Sweet Dreams]
[29Jun2025 00:24:28.889] [Server thread/INFO] [net.minecraft.server.network.ServerGamePacketListenerImpl/]: Kingg9 lost connection: Timed out
[29Jun2025 00:24:28.889] [Server thread/INFO] [net.minecraft.server.MinecraftServer/]: Kingg9 left the game
[29Jun2025 00:25:02.305] [Server thread/INFO] [net.minecraft.server.players.PlayerList/]: Kingg9[/100.100.204.77:54439] logged in with entity id 150032 at (-254.5, 65.05000000000001, 1165.5)
[29Jun2025 00:25:02.312] [Server thread/INFO] [net.minecraft.server.MinecraftServer/]: Kingg9 joined the game
